TN:
SF:firstTest.js
FN:2,getData
FN:3,_getData
FN:3,_callee
FN:3,_callee$
FNF:4
FNH:4
FNDA:2,getData
FNDA:1,_getData
FNDA:2,_callee
FNDA:4,_callee$
DA:1,1
DA:2,2
DA:3,2
DA:4,2
DA:5,1
DA:6,1
DA:7,1
DA:8,1
DA:9,1
LF:9
LH:9
BRDA:2,0,0,2
BRDA:3,1,0,1
BRDA:3,2,0,2
BRDA:3,3,0,4
BRDA:3,4,0,2
BRDA:4,5,0,0
BRDA:4,6,0,2
BRF:7
BRH:6
end_of_record
TN:
SF:controllers\authController.js
FN:2,_regeneratorRuntime
FN:2,_regeneratorRuntime
FN:2,o
FN:2,define
FN:2,define
FN:2,wrap
FN:2,tryCatch
FN:2,Generator
FN:2,GeneratorFunction
FN:2,GeneratorFunctionPrototype
FN:2,defineIteratorMethods
FN:2,AsyncIterator
FN:2,makeInvokeMethod
FN:2,maybeInvokeDelegate
FN:2,pushTryEntry
FN:2,resetTryEntry
FN:2,Context
FN:2,values
FN:2,next
FN:2,e.isGeneratorFunction
FN:2,e.mark
FN:2,e.awrap
FN:2,e.async
FN:2,e.keys
FN:2,reset
FN:2,stop
FN:2,dispatchException
FN:2,handle
FN:2,abrupt
FN:2,complete
FN:2,finish
FN:2,_catch
FN:2,delegateYield
FN:2,asyncGeneratorStep
FN:2,_asyncToGenerator
FN:2,_next
FN:2,_throw
FN:7,_callee
FN:7,_callee$
FN:40,_callee2
FN:40,_callee2$
FN:81,_callee3
FN:89,_callee4
FN:102,_callee5
FNF:44
FNH:27
FNDA:1,_regeneratorRuntime
FNDA:10,_regeneratorRuntime
FNDA:0,o
FNDA:13,define
FNDA:0,define
FNDA:6,wrap
FNDA:18,tryCatch
FNDA:0,Generator
FNDA:0,GeneratorFunction
FNDA:0,GeneratorFunctionPrototype
FNDA:2,defineIteratorMethods
FNDA:0,AsyncIterator
FNDA:6,makeInvokeMethod
FNDA:0,maybeInvokeDelegate
FNDA:6,pushTryEntry
FNDA:13,resetTryEntry
FNDA:6,Context
FNDA:1,values
FNDA:0,next
FNDA:0,e.isGeneratorFunction
FNDA:5,e.mark
FNDA:0,e.awrap
FNDA:0,e.async
FNDA:0,e.keys
FNDA:6,reset
FNDA:6,stop
FNDA:1,dispatchException
FNDA:1,handle
FNDA:8,abrupt
FNDA:8,complete
FNDA:0,finish
FNDA:1,_catch
FNDA:0,delegateYield
FNDA:14,asyncGeneratorStep
FNDA:5,_asyncToGenerator
FNDA:13,_next
FNDA:1,_throw
FNDA:3,_callee
FNDA:9,_callee$
FNDA:3,_callee2
FNDA:9,_callee2$
FNDA:0,_callee3
FNDA:0,_callee4
FNDA:0,_callee5
DA:1,1
DA:2,1
DA:3,1
DA:4,1
DA:5,1
DA:6,1
DA:7,1
DA:8,3
DA:9,3
DA:10,3
DA:11,3
DA:12,1
DA:13,1
DA:14,1
DA:15,2
DA:16,2
DA:17,2
DA:18,2
DA:19,2
DA:20,2
DA:21,2
DA:22,2
DA:23,2
DA:24,1
DA:25,1
DA:26,1
DA:27,1
DA:28,1
DA:29,1
DA:30,1
DA:31,1
DA:32,1
DA:33,1
DA:34,1
DA:35,1
DA:36,1
DA:37,1
DA:38,1
DA:39,1
DA:40,1
DA:41,3
DA:42,3
DA:43,3
DA:44,3
DA:45,3
DA:46,1
DA:47,1
DA:48,1
DA:49,2
DA:50,2
DA:51,2
DA:52,2
DA:53,2
DA:54,2
DA:55,1
DA:56,1
DA:57,1
DA:58,1
DA:59,1
DA:60,1
DA:61,1
DA:62,1
DA:63,1
DA:64,1
DA:65,1
DA:66,1
DA:67,0
DA:68,0
DA:69,0
DA:70,0
DA:71,0
DA:72,0
DA:73,0
DA:74,0
DA:75,0
DA:76,0
DA:77,0
DA:78,1
DA:79,1
DA:80,1
DA:81,1
DA:82,0
DA:83,0
DA:84,0
DA:85,0
DA:86,0
DA:87,1
DA:88,1
DA:89,1
DA:90,0
DA:91,0
DA:92,0
DA:93,0
DA:94,0
DA:95,0
DA:96,0
DA:97,0
DA:98,0
DA:99,0
DA:100,1
DA:101,1
DA:102,1
DA:103,0
DA:104,0
DA:105,0
DA:106,1
DA:107,1
DA:108,1
DA:109,1
DA:110,1
DA:111,1
DA:112,1
DA:113,1
DA:114,1
LF:114
LH:85
BRDA:2,0,0,1
BRDA:2,1,0,0
BRDA:2,2,0,0
BRDA:2,3,0,0
BRDA:2,4,0,0
BRDA:2,5,0,0
BRDA:2,6,0,0
BRDA:2,7,0,10
BRDA:2,8,0,13
BRDA:2,9,0,6
BRDA:2,10,0,0
BRDA:2,11,0,0
BRDA:2,12,0,18
BRDA:2,13,0,0
BRDA:2,14,0,2
BRDA:2,15,0,6
BRDA:2,16,0,14
BRDA:2,17,0,6
BRDA:2,18,0,14
BRDA:2,19,0,0
BRDA:2,20,0,0
BRDA:2,21,0,18
BRDA:2,22,0,0
BRDA:2,23,0,13
BRDA:2,24,0,5
BRDA:2,25,0,1
BRDA:2,26,0,0
BRDA:2,27,0,4
BRDA:2,28,0,6
BRDA:2,29,0,12
BRDA:2,30,0,4
BRDA:2,31,0,14
BRDA:2,32,0,0
BRDA:2,33,0,6
BRDA:2,34,0,0
BRDA:2,35,0,13
BRDA:2,36,0,12
BRDA:2,37,0,6
BRDA:2,38,0,1
BRDA:2,39,0,0
BRDA:2,40,0,0
BRDA:2,41,0,0
BRDA:2,42,0,5
BRDA:2,43,0,0
BRDA:2,44,0,6
BRDA:2,45,0,0
BRDA:2,46,0,6
BRDA:2,47,0,0
BRDA:2,48,0,1
BRDA:2,49,0,0
BRDA:2,50,0,0
BRDA:2,51,0,0
BRDA:2,52,0,0
BRDA:2,53,0,1
BRDA:2,54,0,8
BRDA:2,55,0,16
BRDA:2,56,0,8
BRDA:2,57,0,0
BRDA:2,58,0,0
BRDA:2,59,0,0
BRDA:2,60,0,0
BRDA:2,61,0,0
BRDA:2,62,0,0
BRDA:2,63,0,0
BRDA:2,64,0,0
BRDA:2,65,0,8
BRDA:2,66,0,0
BRDA:2,67,0,0
BRDA:2,68,0,0
BRDA:2,69,0,1
BRDA:2,70,0,0
BRDA:2,71,0,14
BRDA:2,72,0,0
BRDA:2,73,0,6
BRDA:2,74,0,8
BRDA:2,75,0,5
BRDA:2,76,0,6
BRDA:2,77,0,6
BRDA:2,78,0,13
BRDA:2,79,0,1
BRDA:7,80,0,1
BRDA:7,81,0,3
BRDA:7,82,0,9
BRDA:7,83,0,12
BRDA:7,84,0,3
BRDA:11,85,0,2
BRDA:11,86,0,2
BRDA:11,87,0,2
BRDA:11,88,0,1
BRDA:14,89,0,2
BRDA:17,90,0,2
BRDA:23,91,0,1
BRDA:25,92,0,0
BRDA:25,93,0,1
BRDA:30,94,0,1
BRDA:40,95,0,1
BRDA:40,96,0,3
BRDA:40,97,0,9
BRDA:40,98,0,12
BRDA:40,99,0,3
BRDA:45,100,0,2
BRDA:45,101,0,2
BRDA:45,102,0,1
BRDA:48,103,0,2
BRDA:52,104,0,2
BRDA:54,105,0,1
BRDA:57,106,0,1
BRDA:61,107,0,1
BRDA:63,108,0,0
BRDA:66,109,0,0
BRDA:69,110,0,0
BRDA:74,111,0,0
BRDA:81,112,0,1
BRDA:89,113,0,1
BRDA:102,114,0,1
BRF:115
BRH:72
end_of_record
TN:
SF:controllers\jobsController.js
FN:4,_callee
FN:4,_callee$
FN:28,_callee2
FN:28,_callee2$
FN:48,_callee3
FN:71,_callee4
FN:95,_callee5
FNF:7
FNH:4
FNDA:1,_callee
FNDA:2,_callee$
FNDA:1,_callee2
FNDA:2,_callee2$
FNDA:0,_callee3
FNDA:0,_callee4
FNDA:0,_callee5
DA:1,1
DA:2,1
DA:3,1
DA:4,1
DA:5,1
DA:6,1
DA:7,1
DA:8,1
DA:9,1
DA:10,0
DA:11,0
DA:12,0
DA:13,0
DA:14,0
DA:15,0
DA:16,1
DA:17,1
DA:18,1
DA:19,1
DA:20,1
DA:21,1
DA:22,1
DA:23,1
DA:24,1
DA:25,1
DA:26,1
DA:27,1
DA:28,1
DA:29,1
DA:30,1
DA:31,1
DA:32,1
DA:33,1
DA:34,1
DA:35,1
DA:36,1
DA:37,1
DA:38,0
DA:39,0
DA:40,0
DA:41,0
DA:42,0
DA:43,0
DA:44,1
DA:45,1
DA:46,1
DA:47,1
DA:48,1
DA:49,0
DA:50,0
DA:51,0
DA:52,0
DA:53,0
DA:54,0
DA:55,0
DA:56,0
DA:57,0
DA:58,0
DA:59,0
DA:60,0
DA:61,0
DA:62,0
DA:63,0
DA:64,0
DA:65,0
DA:66,0
DA:67,1
DA:68,1
DA:69,1
DA:70,1
DA:71,1
DA:72,0
DA:73,0
DA:74,0
DA:75,0
DA:76,0
DA:77,0
DA:78,0
DA:79,0
DA:80,0
DA:81,0
DA:82,0
DA:83,0
DA:84,0
DA:85,0
DA:86,0
DA:87,0
DA:88,0
DA:89,0
DA:90,0
DA:91,0
DA:92,1
DA:93,1
DA:94,1
DA:95,1
DA:96,0
DA:97,0
DA:98,0
DA:99,0
DA:100,0
DA:101,0
DA:102,0
DA:103,0
DA:104,0
DA:105,0
DA:106,0
DA:107,0
DA:108,0
DA:109,1
LF:109
LH:46
BRDA:4,0,0,1
BRDA:4,1,0,1
BRDA:4,2,0,2
BRDA:4,3,0,1
BRDA:10,4,0,0
BRDA:20,5,0,1
BRDA:25,6,0,1
BRDA:28,7,0,1
BRDA:28,8,0,1
BRDA:28,9,0,2
BRDA:28,10,0,3
BRDA:28,11,0,1
BRDA:33,12,0,1
BRDA:38,13,0,0
BRDA:45,14,0,1
BRDA:48,15,0,1
BRDA:71,16,0,1
BRDA:95,17,0,1
BRF:18
BRH:16
end_of_record
TN:
SF:models\jobs.js
FNF:0
FNH:0
DA:1,1
DA:2,1
DA:3,1
DA:4,1
DA:5,1
DA:6,1
DA:7,1
DA:8,1
DA:9,1
DA:10,1
DA:11,1
DA:12,1
DA:13,1
DA:14,1
DA:15,1
DA:16,1
DA:17,1
DA:18,1
DA:19,1
DA:20,1
DA:21,1
DA:22,1
DA:23,1
DA:24,1
DA:25,1
DA:26,1
DA:27,1
DA:28,1
DA:29,1
DA:30,1
DA:31,1
DA:32,1
DA:33,1
DA:34,1
DA:35,1
DA:36,1
DA:37,1
DA:38,1
DA:39,1
DA:40,1
DA:41,1
DA:42,1
DA:43,1
DA:44,1
DA:45,1
DA:46,1
DA:47,1
DA:48,1
DA:49,1
DA:50,1
DA:51,1
DA:52,1
DA:53,1
DA:54,1
DA:55,1
DA:56,1
DA:57,1
DA:58,1
DA:59,1
DA:60,1
LF:60
LH:60
BRF:0
BRH:0
end_of_record
TN:
SF:models\users.js
FNF:0
FNH:0
DA:1,1
DA:2,1
DA:3,1
DA:4,1
DA:5,1
DA:6,1
DA:7,1
DA:8,1
DA:9,1
DA:10,1
DA:11,1
DA:12,1
DA:13,1
DA:14,1
DA:15,1
DA:16,1
DA:17,1
DA:18,1
DA:19,1
DA:20,1
DA:21,1
DA:22,1
DA:23,1
DA:24,1
DA:25,1
LF:25
LH:25
BRF:0
BRH:0
end_of_record
TN:
SF:sync-async\async-await.js
FN:1,fetchData
FNF:1
FNH:1
FNDA:1,fetchData
DA:1,1
DA:2,1
DA:3,1
DA:4,0
DA:5,1
DA:6,1
DA:7,1
DA:8,1
DA:9,1
DA:10,1
DA:11,1
DA:12,1
LF:12
LH:11
BRDA:1,0,0,1
BRDA:2,1,0,1
BRDA:3,2,0,0
BRF:3
BRH:2
end_of_record
TN:
SF:sync-async\callback.js
FN:1,fetchData
FNF:1
FNH:1
FNDA:1,fetchData
DA:1,1
DA:2,1
DA:3,1
DA:4,1
DA:5,1
DA:6,1
DA:7,1
LF:7
LH:7
BRDA:1,0,0,1
BRDA:2,1,0,1
BRF:2
BRH:2
end_of_record
TN:
SF:sync-async\promise.js
FN:1,fetchData
FNF:1
FNH:1
FNDA:1,fetchData
DA:1,1
DA:2,1
DA:3,1
DA:4,0
DA:5,1
DA:6,1
DA:7,1
DA:8,1
DA:9,1
DA:10,1
DA:11,1
LF:11
LH:10
BRDA:1,0,0,1
BRDA:2,1,0,1
BRDA:3,2,0,0
BRF:3
BRH:2
end_of_record
